<?xml version="1.0" encoding="UTF-8"?>
<!-- Generated by org.testng.reporters.JUnitXMLReporter -->
<testsuite ignored="0" hostname="abdulraheemPC" failures="0" tests="6" name="Default test" time="2.326" errors="0" timestamp="2025-01-09T21:26:29 GMT+03:00">
  <testcase classname="MyPackage.MyTestCases" name="CheckTheDefaultLanguageIsEnglish" time="0.021"/>
  <testcase classname="MyPackage.MyTestCases" name="CheckTheDefaultCurrency" time="0.025"/>
  <testcase classname="MyPackage.MyTestCases" name="CheckTheMobileNumber" time="0.033"/>
  <testcase classname="MyPackage.MyTestCases" name="CheckQitafLogo" time="0.041"/>
  <testcase classname="MyPackage.MyTestCases" name="CheckHotelTabIsNotSelected" time="0.028"/>
  <testcase classname="MyPackage.MyTestCases" name="CheckDepatureDate" time="0.014"/>
</testsuite> <!-- Default test -->
