<?xml version="1.0" encoding="UTF-8"?>
<testng-results ignored="0" total="6" passed="6" failed="0" skipped="0">
  <reporter-output>
  </reporter-output>
  <suite started-at="2025-01-09T21:26:27 GMT+03:00" name="Default suite" finished-at="2025-01-09T21:26:29 GMT+03:00" duration-ms="2326">
    <groups>
    </groups>
    <test started-at="2025-01-09T21:26:27 GMT+03:00" name="Default test" finished-at="2025-01-09T21:26:29 GMT+03:00" duration-ms="2326">
      <class name="MyPackage.MyTestCases">
        <test-method is-config="true" signature="mySetup()[pri:0, instance:MyPackage.MyTestCases@50ecde95]" started-at="2025-01-09T21:26:27 GMT+03:00" name="mySetup" finished-at="2025-01-09T21:26:29 GMT+03:00" duration-ms="2142" status="PASS">
          <reporter-output>
          </reporter-output>
        </test-method> <!-- mySetup -->
        <test-method signature="CheckTheDefaultLanguageIsEnglish()[pri:1, instance:MyPackage.MyTestCases@50ecde95]" started-at="2025-01-09T21:26:29 GMT+03:00" name="CheckTheDefaultLanguageIsEnglish" finished-at="2025-01-09T21:26:29 GMT+03:00" duration-ms="21" status="PASS">
          <reporter-output>
          </reporter-output>
        </test-method> <!-- CheckTheDefaultLanguageIsEnglish -->
        <test-method signature="CheckTheDefaultCurrency()[pri:2, instance:MyPackage.MyTestCases@50ecde95]" started-at="2025-01-09T21:26:29 GMT+03:00" name="CheckTheDefaultCurrency" finished-at="2025-01-09T21:26:29 GMT+03:00" duration-ms="25" status="PASS">
          <reporter-output>
          </reporter-output>
        </test-method> <!-- CheckTheDefaultCurrency -->
        <test-method signature="CheckTheMobileNumber()[pri:3, instance:MyPackage.MyTestCases@50ecde95]" started-at="2025-01-09T21:26:29 GMT+03:00" name="CheckTheMobileNumber" finished-at="2025-01-09T21:26:29 GMT+03:00" duration-ms="33" status="PASS">
          <reporter-output>
          </reporter-output>
        </test-method> <!-- CheckTheMobileNumber -->
        <test-method signature="CheckQitafLogo()[pri:4, instance:MyPackage.MyTestCases@50ecde95]" started-at="2025-01-09T21:26:29 GMT+03:00" name="CheckQitafLogo" finished-at="2025-01-09T21:26:29 GMT+03:00" duration-ms="41" status="PASS">
          <reporter-output>
          </reporter-output>
        </test-method> <!-- CheckQitafLogo -->
        <test-method signature="CheckHotelTabIsNotSelected()[pri:5, instance:MyPackage.MyTestCases@50ecde95]" started-at="2025-01-09T21:26:29 GMT+03:00" name="CheckHotelTabIsNotSelected" finished-at="2025-01-09T21:26:29 GMT+03:00" duration-ms="28" status="PASS">
          <reporter-output>
          </reporter-output>
        </test-method> <!-- CheckHotelTabIsNotSelected -->
        <test-method signature="CheckDepatureDate()[pri:6, instance:MyPackage.MyTestCases@50ecde95]" started-at="2025-01-09T21:26:29 GMT+03:00" name="CheckDepatureDate" finished-at="2025-01-09T21:26:29 GMT+03:00" duration-ms="14" status="PASS">
          <reporter-output>
          </reporter-output>
        </test-method> <!-- CheckDepatureDate -->
      </class> <!-- MyPackage.MyTestCases -->
    </test> <!-- Default test -->
  </suite> <!-- Default suite -->
</testng-results>
